Started at Mon Jan 15 08:16:30 UTC 2024
Processing job1
Offering job1 to Project Build Discarder
Processing folder1/job2
Offering folder1/job2 to Project Build Discarder
Processing folder1/job3
Offering folder1/job3 to Project Build Discarder
Finished at Mon Jan 15 08:16:30 UTC 2024. 4ms
Started at Mon Jan 15 09:16:30 UTC 2024
Processing job1
Offering job1 to Project Build Discarder
Processing folder1/job2
Offering folder1/job2 to Project Build Discarder
Processing folder1/job3
Offering folder1/job3 to Project Build Discarder
Finished at Mon Jan 15 09:16:30 UTC 2024. 1ms
Started at Mon Jan 15 10:16:30 UTC 2024
Processing job1
Offering job1 to Project Build Discarder
Processing folder1/job2
Offering folder1/job2 to Project Build Discarder
Processing folder1/job3
Offering folder1/job3 to Project Build Discarder
Finished at Mon Jan 15 10:16:30 UTC 2024. 1ms
Started at Mon Jan 15 11:16:30 UTC 2024
Processing job1
Offering job1 to Project Build Discarder
Processing folder1/job2
Offering folder1/job2 to Project Build Discarder
Processing folder1/job3
Offering folder1/job3 to Project Build Discarder
Finished at Mon Jan 15 11:16:30 UTC 2024. 1ms
Started at Mon Jan 15 12:16:30 UTC 2024
Processing job1
Offering job1 to Project Build Discarder
Processing folder1/job2
Offering folder1/job2 to Project Build Discarder
Processing folder1/job3
Offering folder1/job3 to Project Build Discarder
Finished at Mon Jan 15 12:16:30 UTC 2024. 1ms
Started at Mon Jan 15 13:16:30 UTC 2024
Processing job1
Offering job1 to Project Build Discarder
Processing folder1/job2
Offering folder1/job2 to Project Build Discarder
Processing folder1/job3
Offering folder1/job3 to Project Build Discarder
Finished at Mon Jan 15 13:16:30 UTC 2024. 1ms
Started at Mon Jan 15 14:16:30 UTC 2024
Processing job1
Offering job1 to Project Build Discarder
Processing folder1/job2
Offering folder1/job2 to Project Build Discarder
Processing folder1/job3
Offering folder1/job3 to Project Build Discarder
Finished at Mon Jan 15 14:16:30 UTC 2024. 1ms
Started at Mon Jan 15 15:16:30 UTC 2024
Processing job1
Offering job1 to Project Build Discarder
Processing folder1/job2
Offering folder1/job2 to Project Build Discarder
Processing folder1/job3
Offering folder1/job3 to Project Build Discarder
Finished at Mon Jan 15 15:16:30 UTC 2024. 1ms
Started at Tue Jan 16 08:07:01 UTC 2024
Processing job1
Offering job1 to Project Build Discarder
Processing folder1/job2
Offering folder1/job2 to Project Build Discarder
Processing folder1/job3
Offering folder1/job3 to Project Build Discarder
Finished at Tue Jan 16 08:07:01 UTC 2024. 0ms
